<?xml version="1.0" encoding="UTF-8"?>
<!-- Generated by org.testng.reporters.JUnitReportReporter -->
<testsuite skipped="0" hostname="Infva05407" name="POM.Factory" tests="2" failures="0" timestamp="14 Jan 2019 06:26:42 GMT" time="359.326" errors="0">
  <testcase name="f" time="98.904" classname="POM.Factory"/>
  <testcase name="f" time="260.422" classname="POM.Factory"/>
</testsuite> <!-- POM.Factory -->
