<?xml version="1.0" encoding="UTF-8"?>
<!-- Generated by org.testng.reporters.JUnitReportReporter -->
<testsuite skipped="0" hostname="Infva05407" name="Hello.TestNG2" tests="2" failures="0" timestamp="10 Jan 2019 12:00:44 GMT" time="0.008" errors="0">
  <testcase name="f1" time="0.002" classname="Hello.TestNG2"/>
  <testcase name="f2" time="0.006" classname="Hello.TestNG2"/>
</testsuite> <!-- Hello.TestNG2 -->
