<?xml version="1.0" encoding="UTF-8"?>
<!-- Generated by org.testng.reporters.JUnitReportReporter -->
<testsuite skipped="0" hostname="Infva05407" name="FM.Execute" tests="1" failures="0" timestamp="14 Jan 2019 12:01:29 GMT" time="20.475" errors="0">
  <testcase name="f" time="20.475" classname="FM.Execute"/>
</testsuite> <!-- FM.Execute -->
