<?xml version="1.0" encoding="UTF-8"?>
<!-- Generated by org.testng.reporters.JUnitReportReporter -->
<testsuite skipped="0" hostname="Infva05407" name="Hello.CSVExample" tests="1" failures="0" timestamp="12 Jan 2019 08:55:18 GMT" time="0.020" errors="0">
  <testcase name="f" time="0.020" classname="Hello.CSVExample"/>
</testsuite> <!-- Hello.CSVExample -->
