<?xml version="1.0" encoding="UTF-8"?>
<!-- Generated by org.testng.reporters.JUnitReportReporter -->
<testsuite skipped="0" hostname="Infva05407" name="Hello.SelTest" tests="2" failures="0" timestamp="11 Jan 2019 11:36:47 GMT" time="1.592" errors="0">
  <testcase name="f" time="1.063" classname="Hello.SelTest"/>
  <testcase name="f" time="0.529" classname="Hello.SelTest"/>
</testsuite> <!-- Hello.SelTest -->
