<?xml version="1.0" encoding="UTF-8"?>
<!-- Generated by org.testng.reporters.JUnitReportReporter -->
<testsuite skipped="0" hostname="Infva05407" name="Hello.Grid" tests="1" failures="0" timestamp="14 Jan 2019 12:04:59 GMT" time="8.936" errors="0">
  <testcase name="FirstTest" time="8.936" classname="Hello.Grid"/>
</testsuite> <!-- Hello.Grid -->
