<?xml version="1.0" encoding="UTF-8"?>
<!-- Generated by org.testng.reporters.JUnitReportReporter -->
<testsuite skipped="0" hostname="Infva05407" name="TestNG2" tests="2" failures="0" timestamp="10 Jan 2019 07:27:45 GMT" time="0.013" errors="0">
  <testcase name="f1" time="0.008" classname="TestNG2"/>
  <testcase name="f2" time="0.005" classname="TestNG2"/>
</testsuite> <!-- TestNG2 -->
