<?xml version="1.0" encoding="UTF-8"?>
<!-- Generated by org.testng.reporters.JUnitReportReporter -->
<testsuite skipped="0" hostname="Infva05407" name="Hello.LinkTest" tests="2" failures="0" timestamp="14 Jan 2019 04:43:57 GMT" time="91.586" errors="0">
  <testcase name="f" time="48.401" classname="Hello.LinkTest"/>
  <testcase name="f" time="43.185" classname="Hello.LinkTest"/>
</testsuite> <!-- Hello.LinkTest -->
