<?xml version="1.0" encoding="UTF-8"?>
<!-- Generated by org.testng.reporters.JUnitReportReporter -->
<testsuite skipped="0" hostname="Infva05407" name="Hello.BaseTest" tests="1" failures="0" timestamp="10 Jan 2019 12:41:47 GMT" time="0.014" errors="0">
  <testcase name="f4" time="0.014" classname="Hello.BaseTest"/>
</testsuite> <!-- Hello.BaseTest -->
