<?xml version="1.0" encoding="UTF-8"?>
<!-- Generated by org.testng.reporters.JUnitReportReporter -->
<testsuite skipped="0" hostname="Infva05407" name="POM.Execute" tests="2" failures="0" timestamp="12 Jan 2019 10:47:14 GMT" time="45.541" errors="0">
  <testcase name="f" time="18.714" classname="POM.Execute"/>
  <testcase name="f" time="26.827" classname="POM.Execute"/>
</testsuite> <!-- POM.Execute -->
