<?xml version="1.0" encoding="UTF-8"?>
<!-- Generated by org.testng.reporters.JUnitReportReporter -->
<testsuite skipped="0" hostname="Infva05407" name="Hello.AlertExample" tests="2" failures="0" timestamp="11 Jan 2019 10:29:53 GMT" time="38.665" errors="0">
  <testcase name="TestAlert" time="17.147" classname="Hello.AlertExample"/>
  <testcase name="TestAlert" time="21.518" classname="Hello.AlertExample"/>
</testsuite> <!-- Hello.AlertExample -->
