<?xml version="1.0" encoding="UTF-8"?>
<!-- Generated by org.testng.reporters.JUnitReportReporter -->
<testsuite skipped="0" hostname="Infva05407" name="Hello.LinkImageTest" tests="2" failures="0" timestamp="11 Jan 2019 09:39:55 GMT" time="197.889" errors="0">
  <testcase name="LinkTest" time="88.040" classname="Hello.LinkImageTest"/>
  <testcase name="LinkTest" time="109.849" classname="Hello.LinkImageTest"/>
</testsuite> <!-- Hello.LinkImageTest -->
